2025-07-20 14:55:18,132 - INFO - Початок виконання скрипту: 2025-07-20T14:55:18.132854
2025-07-20 14:55:39,085 - INFO - 
Виконання запиту:
SELECT * FROM tasks WHERE user_id = 1;
2025-07-20 14:55:39,099 - INFO - ==================================================
Оновлено файл: g:\My Drive\Education\GoIT\PC-system-fundamental\goit-cs-hw-03\src\task_1\requests_results_success_2025-07-20_14-55-18.json
Кількість записів: 1
==================================================
2025-07-20 14:55:41,332 - INFO - 
Виконання запиту:
SELECT * FROM tasks 
WHERE status_id = (SELECT id FROM status WHERE name = 'new');
2025-07-20 14:55:41,349 - INFO - ==================================================
Оновлено файл: g:\My Drive\Education\GoIT\PC-system-fundamental\goit-cs-hw-03\src\task_1\requests_results_success_2025-07-20_14-55-18.json
Кількість записів: 2
==================================================
2025-07-20 14:55:41,910 - INFO - 
Виконання запиту:
UPDATE tasks SET status_id = (SELECT id FROM status WHERE name='in progress') WHERE id=10;
2025-07-20 14:55:41,924 - INFO - ==================================================
Оновлено файл: g:\My Drive\Education\GoIT\PC-system-fundamental\goit-cs-hw-03\src\task_1\requests_results_success_2025-07-20_14-55-18.json
Кількість записів: 3
==================================================
2025-07-20 14:55:42,501 - INFO - 
Виконання запиту:
SELECT * FROM users 
WHERE id NOT IN (SELECT user_id FROM tasks);
2025-07-20 14:55:42,524 - INFO - ==================================================
Оновлено файл: g:\My Drive\Education\GoIT\PC-system-fundamental\goit-cs-hw-03\src\task_1\requests_results_success_2025-07-20_14-55-18.json
Кількість записів: 4
==================================================
2025-07-20 14:55:43,024 - INFO - 
Виконання запиту:
INSERT INTO tasks (title, description, status_id, user_id)
VALUES ('Задонать 2 гривні Стерненку', 'Наша русофобія недостатня!', (SELECT id FROM status WHERE name='new'), 2);
2025-07-20 14:55:43,040 - INFO - ==================================================
Оновлено файл: g:\My Drive\Education\GoIT\PC-system-fundamental\goit-cs-hw-03\src\task_1\requests_results_error_2025-07-20_14-55-18.json
Кількість записів: 1
==================================================
2025-07-20 14:55:49,712 - INFO - 
Виконання запиту:
SELECT * FROM tasks 
WHERE status_id <> (SELECT id FROM status WHERE name='completed');
2025-07-20 14:55:49,730 - INFO - ==================================================
Оновлено файл: g:\My Drive\Education\GoIT\PC-system-fundamental\goit-cs-hw-03\src\task_1\requests_results_success_2025-07-20_14-55-18.json
Кількість записів: 5
==================================================
2025-07-20 14:55:51,218 - INFO - 
Виконання запиту:
DELETE FROM tasks WHERE id=5;
2025-07-20 14:55:51,232 - INFO - ==================================================
Оновлено файл: g:\My Drive\Education\GoIT\PC-system-fundamental\goit-cs-hw-03\src\task_1\requests_results_success_2025-07-20_14-55-18.json
Кількість записів: 6
==================================================
2025-07-20 14:55:53,657 - INFO - 
Виконання запиту:
SELECT * FROM users WHERE email LIKE '%gmail%';
2025-07-20 14:55:53,673 - INFO - ==================================================
Оновлено файл: g:\My Drive\Education\GoIT\PC-system-fundamental\goit-cs-hw-03\src\task_1\requests_results_success_2025-07-20_14-55-18.json
Кількість записів: 7
==================================================
2025-07-20 14:55:56,368 - INFO - 
Виконання запиту:
UPDATE users SET fullname='Степан Андрійович' WHERE id=3;
2025-07-20 14:55:56,382 - INFO - ==================================================
Оновлено файл: g:\My Drive\Education\GoIT\PC-system-fundamental\goit-cs-hw-03\src\task_1\requests_results_success_2025-07-20_14-55-18.json
Кількість записів: 8
==================================================
2025-07-20 14:55:57,665 - INFO - 
Виконання запиту:
SELECT s.name, COUNT(t.id) AS task_count
FROM status s
LEFT JOIN tasks t ON s.id = t.status_id
GROUP BY s.name;
2025-07-20 14:55:57,679 - INFO - ==================================================
Оновлено файл: g:\My Drive\Education\GoIT\PC-system-fundamental\goit-cs-hw-03\src\task_1\requests_results_success_2025-07-20_14-55-18.json
Кількість записів: 9
==================================================
2025-07-20 14:56:00,440 - INFO - 
Виконання запиту:
SELECT t.*
FROM tasks t
JOIN users u ON t.user_id = u.id
WHERE u.email LIKE '%@example.com';
2025-07-20 14:56:00,460 - INFO - ==================================================
Оновлено файл: g:\My Drive\Education\GoIT\PC-system-fundamental\goit-cs-hw-03\src\task_1\requests_results_success_2025-07-20_14-55-18.json
Кількість записів: 10
==================================================
2025-07-20 14:56:01,889 - INFO - 
Виконання запиту:
SELECT * FROM tasks WHERE description IS NULL OR description = '';
2025-07-20 14:56:01,903 - INFO - ==================================================
Оновлено файл: g:\My Drive\Education\GoIT\PC-system-fundamental\goit-cs-hw-03\src\task_1\requests_results_success_2025-07-20_14-55-18.json
Кількість записів: 11
==================================================
2025-07-20 14:56:02,900 - INFO - 
Виконання запиту:
SELECT u.fullname, u.email, t.title, t.description
FROM users u
INNER JOIN tasks t ON u.id = t.user_id
WHERE t.status_id = (SELECT id FROM status WHERE name='in progress');
2025-07-20 14:56:02,913 - INFO - ==================================================
Оновлено файл: g:\My Drive\Education\GoIT\PC-system-fundamental\goit-cs-hw-03\src\task_1\requests_results_success_2025-07-20_14-55-18.json
Кількість записів: 12
==================================================
2025-07-20 14:56:03,824 - INFO - 
Виконання запиту:
SELECT u.id, u.fullname, COUNT(t.id) AS task_count
FROM users u
LEFT JOIN tasks t ON u.id = t.user_id
GROUP BY u.id, u.fullname;
2025-07-20 14:56:03,838 - INFO - ==================================================
Оновлено файл: g:\My Drive\Education\GoIT\PC-system-fundamental\goit-cs-hw-03\src\task_1\requests_results_success_2025-07-20_14-55-18.json
Кількість записів: 13
==================================================
2025-07-20 14:56:03,839 - INFO - Скрипт завершено успішно
2025-07-20 14:56:03,840 - INFO - Загальний час виконання: 45.708 сек.
